<?xml version="1.0" encoding="UTF-8"?>
<testng-results ignored="0" total="4" passed="3" failed="1" skipped="0">
  <reporter-output>
  </reporter-output>
  <suite started-at="2025-07-12T23:09:49 IST" name="Surefire suite" finished-at="2025-07-12T23:10:25 IST" duration-ms="36012">
    <groups>
    </groups>
    <test started-at="2025-07-12T23:09:49 IST" name="Surefire test" finished-at="2025-07-12T23:10:25 IST" duration-ms="36012">
      <class name="testcases.DeletePatientTest">
        <test-method signature="testDeletePatientFlow()[pri:0, instance:testcases.DeletePatientTest@7fc229ab]" started-at="2025-07-12T23:09:49 IST" name="testDeletePatientFlow" finished-at="2025-07-12T23:09:49 IST" duration-ms="42" status="FAIL">
          <exception class="java.lang.NullPointerException">
            <message>
              <![CDATA[Cannot invoke "org.openqa.selenium.SearchContext.findElement(org.openqa.selenium.By)" because "this.searchContext" is null]]>
            </message>
            <full-stacktrace>
              <![CDATA[java.lang.NullPointerException: Cannot invoke "org.openqa.selenium.SearchContext.findElement(org.openqa.selenium.By)" because "this.searchContext" is null
at org.openqa.selenium.support.pagefactory.DefaultElementLocator.findElement(DefaultElementLocator.java:68)
at org.openqa.selenium.support.pagefactory.internal.LocatingElementHandler.invoke(LocatingElementHandler.java:38)
at jdk.proxy2/jdk.proxy2.$Proxy7.isDisplayed(Unknown Source)
at org.openqa.selenium.support.ui.ExpectedConditions.elementIfVisible(ExpectedConditions.java:304)
at org.openqa.selenium.support.ui.ExpectedConditions$10.apply(ExpectedConditions.java:290)
at org.openqa.selenium.support.ui.ExpectedConditions$10.apply(ExpectedConditions.java:287)
at org.openqa.selenium.support.ui.FluentWait.until(FluentWait.java:203)
at pages.DeletePatient.clickEndVisit(DeletePatient.java:47)
at testcases.DeletePatientTest.testDeletePatientFlow(DeletePatientTest.java:14)
at java.base/jdk.internal.reflect.DirectMethodHandleAccessor.invoke(DirectMethodHandleAccessor.java:104)
at java.base/java.lang.reflect.Method.invoke(Method.java:565)
at org.testng.internal.invokers.MethodInvocationHelper.invokeMethod(MethodInvocationHelper.java:141)
at org.testng.internal.invokers.TestInvoker.invokeMethod(TestInvoker.java:686)
at org.testng.internal.invokers.TestInvoker.invokeTestMethod(TestInvoker.java:230)
at org.testng.internal.invokers.MethodRunner.runInSequence(MethodRunner.java:63)
at org.testng.internal.invokers.TestInvoker$MethodInvocationAgent.invoke(TestInvoker.java:992)
at org.testng.internal.invokers.TestInvoker.invokeTestMethods(TestInvoker.java:203)
at org.testng.internal.invokers.TestMethodWorker.invokeTestMethods(TestMethodWorker.java:154)
at org.testng.internal.invokers.TestMethodWorker.run(TestMethodWorker.java:134)
at java.base/java.util.ArrayList.forEach(ArrayList.java:1604)
at org.testng.TestRunner.privateRun(TestRunner.java:739)
at org.testng.TestRunner.run(TestRunner.java:614)
at org.testng.SuiteRunner.runTest(SuiteRunner.java:421)
at org.testng.SuiteRunner.runSequentially(SuiteRunner.java:413)
at org.testng.SuiteRunner.privateRun(SuiteRunner.java:373)
at org.testng.SuiteRunner.run(SuiteRunner.java:312)
at org.testng.SuiteRunnerWorker.runSuite(SuiteRunnerWorker.java:52)
at org.testng.SuiteRunnerWorker.run(SuiteRunnerWorker.java:95)
at org.testng.TestNG.runSuitesSequentially(TestNG.java:1274)
at org.testng.TestNG.runSuitesLocally(TestNG.java:1208)
at org.testng.TestNG.runSuites(TestNG.java:1112)
at org.testng.TestNG.run(TestNG.java:1079)
at org.apache.maven.surefire.testng.TestNGExecutor.run(TestNGExecutor.java:155)
at org.apache.maven.surefire.testng.TestNGDirectoryTestSuite.executeMulti(TestNGDirectoryTestSuite.java:169)
at org.apache.maven.surefire.testng.TestNGDirectoryTestSuite.execute(TestNGDirectoryTestSuite.java:88)
at org.apache.maven.surefire.testng.TestNGProvider.invoke(TestNGProvider.java:137)
at org.apache.maven.surefire.booter.ForkedBooter.runSuitesInProcess(ForkedBooter.java:385)
at org.apache.maven.surefire.booter.ForkedBooter.execute(ForkedBooter.java:162)
at org.apache.maven.surefire.booter.ForkedBooter.run(ForkedBooter.java:507)
at org.apache.maven.surefire.booter.ForkedBooter.main(ForkedBooter.java:495)
]]>
            </full-stacktrace>
          </exception> <!-- java.lang.NullPointerException -->
          <reporter-output>
          </reporter-output>
        </test-method> <!-- testDeletePatientFlow -->
      </class> <!-- testcases.DeletePatientTest -->
      <class name="testcases.VisitingPageTest">
        <test-method signature="testVisitingPage()[pri:0, instance:testcases.VisitingPageTest@12d4bf7e]" started-at="2025-07-12T23:10:07 IST" name="testVisitingPage" finished-at="2025-07-12T23:10:25 IST" duration-ms="18465" status="PASS">
          <reporter-output>
          </reporter-output>
        </test-method> <!-- testVisitingPage -->
      </class> <!-- testcases.VisitingPageTest -->
      <class name="testcases.RegisterPatientTest">
        <test-method signature="testRegisterPatient()[pri:0, instance:testcases.RegisterPatientTest@14d3bc22]" started-at="2025-07-12T23:10:01 IST" name="testRegisterPatient" finished-at="2025-07-12T23:10:07 IST" depends-on-methods="testcases.LoginTest.loginTest" duration-ms="5818" status="PASS">
          <reporter-output>
          </reporter-output>
        </test-method> <!-- testRegisterPatient -->
      </class> <!-- testcases.RegisterPatientTest -->
      <class name="testcases.LoginTest">
        <test-method is-config="true" signature="setUp()[pri:0, instance:testcases.LoginTest@3901d134]" started-at="2025-07-12T23:09:49 IST" name="setUp" finished-at="2025-07-12T23:09:56 IST" duration-ms="7232" status="PASS">
          <reporter-output>
          </reporter-output>
        </test-method> <!-- setUp -->
        <test-method signature="loginTest()[pri:0, instance:testcases.LoginTest@3901d134]" started-at="2025-07-12T23:09:56 IST" name="loginTest" finished-at="2025-07-12T23:10:01 IST" duration-ms="4403" status="PASS">
          <reporter-output>
          </reporter-output>
        </test-method> <!-- loginTest -->
      </class> <!-- testcases.LoginTest -->
    </test> <!-- Surefire test -->
  </suite> <!-- Surefire suite -->
</testng-results>
