<?xml version="1.0" encoding="UTF-8"?>
<!-- Generated by org.testng.reporters.JUnitXMLReporter -->
<testsuite ignored="0" hostname="Rizu" failures="1" tests="4" name="Surefire test" time="36.012" errors="0" timestamp="2025-07-12T23:10:25 IST">
  <testcase classname="testcases.DeletePatientTest" name="testDeletePatientFlow" time="0.042">
    <failure type="java.lang.NullPointerException" message="Cannot invoke &amp;quot;org.openqa.selenium.SearchContext.findElement(org.openqa.selenium.By)&amp;quot; because &amp;quot;this.searchContext&amp;quot; is null">
      <![CDATA[java.lang.NullPointerException: Cannot invoke "org.openqa.selenium.SearchContext.findElement(org.openqa.selenium.By)" because "this.searchContext" is null
at org.openqa.selenium.support.pagefactory.DefaultElementLocator.findElement(DefaultElementLocator.java:68)
at org.openqa.selenium.support.pagefactory.internal.LocatingElementHandler.invoke(LocatingElementHandler.java:38)
at jdk.proxy2/jdk.proxy2.$Proxy7.isDisplayed(Unknown Source)
at org.openqa.selenium.support.ui.ExpectedConditions.elementIfVisible(ExpectedConditions.java:304)
at org.openqa.selenium.support.ui.ExpectedConditions$10.apply(ExpectedConditions.java:290)
at org.openqa.selenium.support.ui.ExpectedConditions$10.apply(ExpectedConditions.java:287)
at org.openqa.selenium.support.ui.FluentWait.until(FluentWait.java:203)
at pages.DeletePatient.clickEndVisit(DeletePatient.java:47)
at testcases.DeletePatientTest.testDeletePatientFlow(DeletePatientTest.java:14)
at java.base/java.util.ArrayList.forEach(ArrayList.java:1604)
... Removed 30 stack frames]]>
    </failure>
  </testcase> <!-- testDeletePatientFlow -->
  <testcase classname="testcases.LoginTest" name="loginTest" time="4.403"/>
  <testcase classname="testcases.RegisterPatientTest" name="testRegisterPatient" time="5.818"/>
  <testcase classname="testcases.VisitingPageTest" name="testVisitingPage" time="18.465"/>
</testsuite> <!-- Surefire test -->
