<?xml version="1.0" encoding="UTF-8"?>
<testng-results ignored="0" total="4" passed="4" failed="0" skipped="0">
  <reporter-output>
  </reporter-output>
  <suite started-at="2025-07-13T14:59:50 IST" name="MySuite" finished-at="2025-07-13T15:00:58 IST" duration-ms="67720">
    <groups>
    </groups>
    <test started-at="2025-07-13T14:59:50 IST" name="MyTests" finished-at="2025-07-13T15:00:58 IST" duration-ms="67720">
      <class name="testcases.DeletePatientTest">
        <test-method signature="testDeletePatientFlow(org.testng.ITestContext)[pri:0, instance:testcases.DeletePatientTest@55fe41ea]" started-at="2025-07-13T15:00:35 IST" name="testDeletePatientFlow" finished-at="2025-07-13T15:00:58 IST" depends-on-methods="testcases.VisitingPageTest.testVisitingPage" duration-ms="23631" status="PASS">
          <params>
            <param index="0">
              <value>
                <![CDATA[org.testng.TestRunner@43e1692f]]>
              </value>
            </param>
          </params>
          <reporter-output>
          </reporter-output>
        </test-method> <!-- testDeletePatientFlow -->
      </class> <!-- testcases.DeletePatientTest -->
      <class name="testcases.VisitingPageTest">
        <test-method signature="testVisitingPage()[pri:0, instance:testcases.VisitingPageTest@1c1bbc4e]" started-at="2025-07-13T15:00:14 IST" name="testVisitingPage" finished-at="2025-07-13T15:00:35 IST" duration-ms="20610" status="PASS">
          <reporter-output>
          </reporter-output>
        </test-method> <!-- testVisitingPage -->
      </class> <!-- testcases.VisitingPageTest -->
      <class name="testcases.RegisterPatientTest">
        <test-method signature="testRegisterPatient()[pri:0, instance:testcases.RegisterPatientTest@ba2f4ec]" started-at="2025-07-13T15:00:07 IST" name="testRegisterPatient" finished-at="2025-07-13T15:00:14 IST" depends-on-methods="testcases.LoginTest.loginTest" duration-ms="7064" status="PASS">
          <reporter-output>
          </reporter-output>
        </test-method> <!-- testRegisterPatient -->
      </class> <!-- testcases.RegisterPatientTest -->
      <class name="testcases.LoginTest">
        <test-method is-config="true" signature="setUp()[pri:0, instance:testcases.LoginTest@302552ec]" started-at="2025-07-13T14:59:51 IST" name="setUp" finished-at="2025-07-13T15:00:02 IST" duration-ms="11004" status="PASS">
          <reporter-output>
          </reporter-output>
        </test-method> <!-- setUp -->
        <test-method signature="loginTest()[pri:0, instance:testcases.LoginTest@302552ec]" started-at="2025-07-13T15:00:02 IST" name="loginTest" finished-at="2025-07-13T15:00:07 IST" duration-ms="5285" status="PASS">
          <reporter-output>
          </reporter-output>
        </test-method> <!-- loginTest -->
      </class> <!-- testcases.LoginTest -->
    </test> <!-- MyTests -->
  </suite> <!-- MySuite -->
</testng-results>
