<?xml version="1.0" encoding="UTF-8"?>
<testng-results ignored="0" total="4" passed="4" failed="0" skipped="0">
  <reporter-output>
  </reporter-output>
  <suite started-at="2025-07-13T16:37:28 IST" name="MySuite" finished-at="2025-07-13T16:38:34 IST" duration-ms="66469">
    <groups>
    </groups>
    <test started-at="2025-07-13T16:37:28 IST" name="MyTests" finished-at="2025-07-13T16:38:34 IST" duration-ms="66469">
      <class name="testcases.DeletePatientTest">
        <test-method signature="testDeletePatientFlow(org.testng.ITestContext)[pri:0, instance:testcases.DeletePatientTest@55fe41ea]" started-at="2025-07-13T16:38:10 IST" name="testDeletePatientFlow" finished-at="2025-07-13T16:38:34 IST" depends-on-methods="testcases.VisitingPageTest.testVisitingPage" duration-ms="24229" status="PASS">
          <params>
            <param index="0">
              <value>
                <![CDATA[org.testng.TestRunner@6c1832aa]]>
              </value>
            </param>
          </params>
          <reporter-output>
          </reporter-output>
        </test-method> <!-- testDeletePatientFlow -->
      </class> <!-- testcases.DeletePatientTest -->
      <class name="testcases.VisitingPageTest">
        <test-method signature="testVisitingPage()[pri:0, instance:testcases.VisitingPageTest@1c1bbc4e]" started-at="2025-07-13T16:37:50 IST" name="testVisitingPage" finished-at="2025-07-13T16:38:10 IST" duration-ms="20206" status="PASS">
          <reporter-output>
          </reporter-output>
        </test-method> <!-- testVisitingPage -->
      </class> <!-- testcases.VisitingPageTest -->
      <class name="testcases.RegisterPatientTest">
        <test-method signature="testRegisterPatient()[pri:0, instance:testcases.RegisterPatientTest@ba2f4ec]" started-at="2025-07-13T16:37:43 IST" name="testRegisterPatient" finished-at="2025-07-13T16:37:50 IST" depends-on-methods="testcases.LoginTest.loginTest" duration-ms="6652" status="PASS">
          <reporter-output>
          </reporter-output>
        </test-method> <!-- testRegisterPatient -->
      </class> <!-- testcases.RegisterPatientTest -->
      <class name="testcases.LoginTest">
        <test-method is-config="true" signature="setUp()[pri:0, instance:testcases.LoginTest@302552ec]" started-at="2025-07-13T16:37:28 IST" name="setUp" finished-at="2025-07-13T16:37:38 IST" duration-ms="10534" status="PASS">
          <reporter-output>
          </reporter-output>
        </test-method> <!-- setUp -->
        <test-method signature="loginTest()[pri:0, instance:testcases.LoginTest@302552ec]" started-at="2025-07-13T16:37:39 IST" name="loginTest" finished-at="2025-07-13T16:37:43 IST" duration-ms="4724" status="PASS">
          <reporter-output>
          </reporter-output>
        </test-method> <!-- loginTest -->
      </class> <!-- testcases.LoginTest -->
    </test> <!-- MyTests -->
  </suite> <!-- MySuite -->
</testng-results>
