<?xml version="1.0" encoding="UTF-8"?>
<!-- Generated by org.testng.reporters.JUnitXMLReporter -->
<testsuite ignored="0" hostname="Rizu" failures="0" tests="4" name="MyTests" time="67.72" errors="0" timestamp="2025-07-13T15:00:58 IST">
  <testcase classname="testcases.LoginTest" name="loginTest" time="5.285"/>
  <testcase classname="testcases.RegisterPatientTest" name="testRegisterPatient" time="7.064"/>
  <testcase classname="testcases.VisitingPageTest" name="testVisitingPage" time="20.61"/>
  <testcase classname="testcases.DeletePatientTest" name="testDeletePatientFlow" time="23.631"/>
</testsuite> <!-- MyTests -->
