<?xml version="1.0" encoding="UTF-8"?>
<!-- Generated by org.testng.reporters.JUnitXMLReporter -->
<testsuite ignored="0" hostname="Rizu" failures="0" tests="4" name="MyTests" time="66.469" errors="0" timestamp="2025-07-13T16:38:34 IST">
  <testcase classname="testcases.LoginTest" name="loginTest" time="4.724"/>
  <testcase classname="testcases.RegisterPatientTest" name="testRegisterPatient" time="6.652"/>
  <testcase classname="testcases.VisitingPageTest" name="testVisitingPage" time="20.206"/>
  <testcase classname="testcases.DeletePatientTest" name="testDeletePatientFlow" time="24.229"/>
</testsuite> <!-- MyTests -->
